app/build/intermediates/manifest_merge_blame_file/debug/processDebugMainManifest/manifest-merger-blame-debug-report.txt
1<?xml version="1.0" encoding="utf-8"?>
2<manifest xmlns:android="http://schemas.android.com/apk/res/android"
3    package="dev.aurakai.auraframefx"
4    android:versionCode="1"
5    android:versionName="1.0" >
6
7    <uses-sdk
8        android:minSdkVersion="31"
9        android:targetSdkVersion="36" />
10
11    <uses-permission android:name="android.permission.INTERNET" />
11-->src\main\AndroidManifest.xml:4:5-67
11-->src\main\AndroidManifest.xml:4:22-64
12    <uses-permission android:name="android.permission.VIBRATE" />
12-->src\main\AndroidManifest.xml:5:5-66
12-->src\main\AndroidManifest.xml:5:22-63
13    <uses-permission android:name="android.permission.ACCESS_NETWORK_STATE" />
13-->[com.google.mlkit:translate:17.0.3] AndroidManifest.xml:7:5-79
13-->[com.google.mlkit:translate:17.0.3] AndroidManifest.xml:7:22-76
14    <uses-permission android:name="android.permission.POST_NOTIFICATIONS" />
14-->[com.google.firebase:firebase-messaging:23.4.0] AndroidManifest.xml:23:5-77
14-->[com.google.firebase:firebase-messaging:23.4.0] AndroidManifest.xml:23:22-74
15    <uses-permission android:name="android.permission.WAKE_LOCK" /> <!-- Required by older versions of Google Play services to create IID tokens -->
15-->[com.google.firebase:firebase-messaging:23.4.0] AndroidManifest.xml:24:5-68
15-->[com.google.firebase:firebase-messaging:23.4.0] AndroidManifest.xml:24:22-65
16    <uses-permission android:name="com.google.android.c2dm.permission.RECEIVE" />
16-->[com.google.firebase:firebase-messaging:23.4.0] AndroidManifest.xml:26:5-82
16-->[com.google.firebase:firebase-messaging:23.4.0] AndroidManifest.xml:26:22-79
17    <uses-permission android:name="android.permission.RECEIVE_BOOT_COMPLETED" />
17-->[androidx.work:work-runtime:2.9.0] AndroidManifest.xml:25:5-81
17-->[androidx.work:work-runtime:2.9.0] AndroidManifest.xml:25:22-78
18    <uses-permission android:name="android.permission.FOREGROUND_SERVICE" />
18-->[androidx.work:work-runtime:2.9.0] AndroidManifest.xml:26:5-77
18-->[androidx.work:work-runtime:2.9.0] AndroidManifest.xml:26:22-74
19    <uses-permission android:name="com.google.android.finsky.permission.BIND_GET_INSTALL_REFERRER_SERVICE" />
19-->[com.google.android.gms:play-services-measurement:21.5.0] AndroidManifest.xml:26:5-110
19-->[com.google.android.gms:play-services-measurement:21.5.0] AndroidManifest.xml:26:22-107
20    <uses-permission android:name="com.google.android.gms.permission.AD_ID" />
20-->[com.google.android.gms:play-services-measurement-impl:21.5.0] AndroidManifest.xml:27:5-79
20-->[com.google.android.gms:play-services-measurement-impl:21.5.0] AndroidManifest.xml:27:22-76
21
22    <permission
22-->[androidx.core:core:1.13.1] AndroidManifest.xml:22:5-24:47
23        android:name="dev.aurakai.auraframefx.DYNAMIC_RECEIVER_NOT_EXPORTED_PERMISSION"
23-->[androidx.core:core:1.13.1] AndroidManifest.xml:23:9-81
24        android:protectionLevel="signature" />
24-->[androidx.core:core:1.13.1] AndroidManifest.xml:24:9-44
25
26    <uses-permission android:name="dev.aurakai.auraframefx.DYNAMIC_RECEIVER_NOT_EXPORTED_PERMISSION" />
26-->[androidx.core:core:1.13.1] AndroidManifest.xml:26:5-97
26-->[androidx.core:core:1.13.1] AndroidManifest.xml:26:22-94
27    <uses-permission android:name="android.permission.ACCESS_ADSERVICES_ATTRIBUTION" />
27-->[com.google.android.gms:play-services-measurement-api:21.5.0] AndroidManifest.xml:26:5-88
27-->[com.google.android.gms:play-services-measurement-api:21.5.0] AndroidManifest.xml:26:22-85
28    <uses-permission android:name="android.permission.ACCESS_ADSERVICES_AD_ID" />
28-->[com.google.android.gms:play-services-measurement-api:21.5.0] AndroidManifest.xml:27:5-82
28-->[com.google.android.gms:play-services-measurement-api:21.5.0] AndroidManifest.xml:27:22-79
29    <uses-permission android:name="android.permission.WRITE_EXTERNAL_STORAGE" />
30    <uses-permission android:name="android.permission.READ_PHONE_STATE" />
31    <uses-permission android:name="android.permission.READ_EXTERNAL_STORAGE" />
32
33    <application
33-->src\main\AndroidManifest.xml:7:5-35:19
34        android:name="dev.aurakai.auraframefx.AuraFrameApplication"
34-->src\main\AndroidManifest.xml:8:9-45
35        android:appComponentFactory="androidx.core.app.CoreComponentFactory"
35-->[androidx.core:core:1.13.1] AndroidManifest.xml:28:18-86
36        android:debuggable="true"
37        android:extractNativeLibs="false"
38        android:icon="@mipmap/ic_launcher"
38-->src\main\AndroidManifest.xml:9:9-43
39        android:label="AuraFrameFX LSPosed Module"
39-->src\main\AndroidManifest.xml:10:9-51
40        android:roundIcon="@mipmap/ic_launcher_round"
40-->src\main\AndroidManifest.xml:11:9-54
41        android:supportsRtl="true"
41-->src\main\AndroidManifest.xml:12:9-35
42        android:theme="@style/Theme.AuraFrameFX.Material3" >
42-->src\main\AndroidManifest.xml:13:9-59
43        <meta-data
43-->src\main\AndroidManifest.xml:14:9-16:36
44            android:name="xposedmodule"
44-->src\main\AndroidManifest.xml:15:13-40
45            android:value="true" />
45-->src\main\AndroidManifest.xml:16:13-33
46        <meta-data
46-->src\main\AndroidManifest.xml:17:9-19:67
47            android:name="xposeddescription"
47-->src\main\AndroidManifest.xml:18:13-45
48            android:value="AuraFrameFX hooks and enhancements." />
48-->src\main\AndroidManifest.xml:19:13-64
49        <meta-data
49-->src\main\AndroidManifest.xml:20:9-22:34
50            android:name="xposedminversion"
50-->src\main\AndroidManifest.xml:21:13-44
51            android:value="93" />
51-->src\main\AndroidManifest.xml:22:13-31
52
53        <activity
53-->src\main\AndroidManifest.xml:24:9-31:20
54            android:name="dev.aurakai.auraframefx.MainActivity"
54-->src\main\AndroidManifest.xml:25:13-41
55            android:exported="true" >
55-->src\main\AndroidManifest.xml:26:13-36
56            <intent-filter>
56-->src\main\AndroidManifest.xml:27:13-30:29
57                <action android:name="android.intent.action.MAIN" />
57-->src\main\AndroidManifest.xml:28:17-69
57-->src\main\AndroidManifest.xml:28:25-66
58
59                <category android:name="android.intent.category.LAUNCHER" />
59-->src\main\AndroidManifest.xml:29:17-77
59-->src\main\AndroidManifest.xml:29:27-74
60            </intent-filter>
61        </activity>
62
63        <service
63-->src\main\AndroidManifest.xml:32:9-34:40
64            android:name="dev.aurakai.auraframefx.VertexSyncService"
64-->src\main\AndroidManifest.xml:33:13-46
65            android:exported="false" />
65-->src\main\AndroidManifest.xml:34:13-37
66        <service
66-->[com.google.mlkit:language-id:17.0.6] AndroidManifest.xml:8:9-14:19
67            android:name="com.google.mlkit.common.internal.MlKitComponentDiscoveryService"
67-->[com.google.mlkit:language-id:17.0.6] AndroidManifest.xml:9:13-91
68            android:directBootAware="true"
68-->[com.google.mlkit:common:18.11.0] AndroidManifest.xml:17:13-43
69            android:exported="false" >
69-->[com.google.mlkit:language-id:17.0.6] AndroidManifest.xml:10:13-37
70            <meta-data
70-->[com.google.mlkit:language-id:17.0.6] AndroidManifest.xml:11:13-13:85
71                android:name="com.google.firebase.components:com.google.mlkit.nl.languageid.bundled.internal.ThickLanguageIdRegistrar"
71-->[com.google.mlkit:language-id:17.0.6] AndroidManifest.xml:12:17-135
72                android:value="com.google.firebase.components.ComponentRegistrar" />
72-->[com.google.mlkit:language-id:17.0.6] AndroidManifest.xml:13:17-82
73            <meta-data
73-->[com.google.mlkit:translate:17.0.3] AndroidManifest.xml:14:13-16:85
74                android:name="com.google.firebase.components:com.google.mlkit.nl.translate.NaturalLanguageTranslateRegistrar"
74-->[com.google.mlkit:translate:17.0.3] AndroidManifest.xml:15:17-126
75                android:value="com.google.firebase.components.ComponentRegistrar" />
75-->[com.google.mlkit:translate:17.0.3] AndroidManifest.xml:16:17-82
76            <meta-data
76-->[com.google.mlkit:language-id-common:16.1.0] AndroidManifest.xml:26:13-28:85
77                android:name="com.google.firebase.components:com.google.mlkit.nl.languageid.internal.LanguageIdRegistrar"
77-->[com.google.mlkit:language-id-common:16.1.0] AndroidManifest.xml:27:17-122
78                android:value="com.google.firebase.components.ComponentRegistrar" />
78-->[com.google.mlkit:language-id-common:16.1.0] AndroidManifest.xml:28:17-82
79            <meta-data
79-->[com.google.mlkit:common:18.11.0] AndroidManifest.xml:20:13-22:85
80                android:name="com.google.firebase.components:com.google.mlkit.common.internal.CommonComponentRegistrar"
80-->[com.google.mlkit:common:18.11.0] AndroidManifest.xml:21:17-120
81                android:value="com.google.firebase.components.ComponentRegistrar" />
81-->[com.google.mlkit:common:18.11.0] AndroidManifest.xml:22:17-82
82        </service>
83
84        <provider
84-->[com.google.mlkit:common:18.11.0] AndroidManifest.xml:9:9-13:38
85            android:name="com.google.mlkit.common.internal.MlKitInitProvider"
85-->[com.google.mlkit:common:18.11.0] AndroidManifest.xml:10:13-78
86            android:authorities="dev.aurakai.auraframefx.mlkitinitprovider"
86-->[com.google.mlkit:common:18.11.0] AndroidManifest.xml:11:13-69
87            android:exported="false"
87-->[com.google.mlkit:common:18.11.0] AndroidManifest.xml:12:13-37
88            android:initOrder="99" />
88-->[com.google.mlkit:common:18.11.0] AndroidManifest.xml:13:13-35
89
90        <service
90-->[com.google.firebase:firebase-perf-ktx:20.5.1] AndroidManifest.xml:9:9-15:19
91            android:name="com.google.firebase.components.ComponentDiscoveryService"
91-->[com.google.firebase:firebase-perf-ktx:20.5.1] AndroidManifest.xml:10:13-84
92            android:exported="false" >
92-->[com.google.firebase:firebase-perf-ktx:20.5.1] AndroidManifest.xml:11:13-37
93            <meta-data
93-->[com.google.firebase:firebase-perf-ktx:20.5.1] AndroidManifest.xml:12:13-14:85
94                android:name="com.google.firebase.components:com.google.firebase.perf.ktx.FirebasePerfLegacyRegistrar"
94-->[com.google.firebase:firebase-perf-ktx:20.5.1] AndroidManifest.xml:13:17-119
95                android:value="com.google.firebase.components.ComponentRegistrar" />
95-->[com.google.firebase:firebase-perf-ktx:20.5.1] AndroidManifest.xml:14:17-82
96            <meta-data
96-->[com.google.firebase:firebase-perf:20.5.1] AndroidManifest.xml:14:13-16:85
97                android:name="com.google.firebase.components:com.google.firebase.perf.FirebasePerfKtxRegistrar"
97-->[com.google.firebase:firebase-perf:20.5.1] AndroidManifest.xml:15:17-112
98                android:value="com.google.firebase.components.ComponentRegistrar" />
98-->[com.google.firebase:firebase-perf:20.5.1] AndroidManifest.xml:16:17-82
99            <meta-data
99-->[com.google.firebase:firebase-perf:20.5.1] AndroidManifest.xml:17:13-19:85
100                android:name="com.google.firebase.components:com.google.firebase.perf.FirebasePerfRegistrar"
100-->[com.google.firebase:firebase-perf:20.5.1] AndroidManifest.xml:18:17-109
101                android:value="com.google.firebase.components.ComponentRegistrar" />
101-->[com.google.firebase:firebase-perf:20.5.1] AndroidManifest.xml:19:17-82
102            <meta-data
102-->[com.google.firebase:firebase-messaging-ktx:23.4.0] AndroidManifest.xml:26:13-28:85
103                android:name="com.google.firebase.components:com.google.firebase.messaging.ktx.FirebaseMessagingLegacyRegistrar"
103-->[com.google.firebase:firebase-messaging-ktx:23.4.0] AndroidManifest.xml:27:17-129
104                android:value="com.google.firebase.components.ComponentRegistrar" />
104-->[com.google.firebase:firebase-messaging-ktx:23.4.0] AndroidManifest.xml:28:17-82
105            <meta-data
105-->[com.google.firebase:firebase-messaging:23.4.0] AndroidManifest.xml:57:13-59:85
106                android:name="com.google.firebase.components:com.google.firebase.messaging.FirebaseMessagingKtxRegistrar"
106-->[com.google.firebase:firebase-messaging:23.4.0] AndroidManifest.xml:58:17-122
107                android:value="com.google.firebase.components.ComponentRegistrar" />
107-->[com.google.firebase:firebase-messaging:23.4.0] AndroidManifest.xml:59:17-82
108            <meta-data
108-->[com.google.firebase:firebase-messaging:23.4.0] AndroidManifest.xml:60:13-62:85
109                android:name="com.google.firebase.components:com.google.firebase.messaging.FirebaseMessagingRegistrar"
109-->[com.google.firebase:firebase-messaging:23.4.0] AndroidManifest.xml:61:17-119
110                android:value="com.google.firebase.components.ComponentRegistrar" />
110-->[com.google.firebase:firebase-messaging:23.4.0] AndroidManifest.xml:62:17-82
111            <meta-data
111-->[com.google.firebase:firebase-analytics-ktx:21.5.0] AndroidManifest.xml:11:13-13:85
112                android:name="com.google.firebase.components:com.google.firebase.analytics.ktx.FirebaseAnalyticsLegacyRegistrar"
112-->[com.google.firebase:firebase-analytics-ktx:21.5.0] AndroidManifest.xml:12:17-129
113                android:value="com.google.firebase.components.ComponentRegistrar" />
113-->[com.google.firebase:firebase-analytics-ktx:21.5.0] AndroidManifest.xml:13:17-82
114            <meta-data
114-->[com.google.firebase:firebase-crashlytics-ktx:18.6.0] AndroidManifest.xml:24:13-26:85
115                android:name="com.google.firebase.components:com.google.firebase.crashlytics.ktx.FirebaseCrashlyticsKtxRegistrar"
115-->[com.google.firebase:firebase-crashlytics-ktx:18.6.0] AndroidManifest.xml:25:17-130
116                android:value="com.google.firebase.components.ComponentRegistrar" />
116-->[com.google.firebase:firebase-crashlytics-ktx:18.6.0] AndroidManifest.xml:26:17-82
117            <meta-data
117-->[com.google.firebase:firebase-crashlytics:18.6.0] AndroidManifest.xml:15:13-17:85
118                android:name="com.google.firebase.components:com.google.firebase.crashlytics.FirebaseCrashlyticsKtxRegistrar"
118-->[com.google.firebase:firebase-crashlytics:18.6.0] AndroidManifest.xml:16:17-126
119                android:value="com.google.firebase.components.ComponentRegistrar" />
119-->[com.google.firebase:firebase-crashlytics:18.6.0] AndroidManifest.xml:17:17-82
120            <meta-data
120-->[com.google.firebase:firebase-crashlytics:18.6.0] AndroidManifest.xml:18:13-20:85
121                android:name="com.google.firebase.components:com.google.firebase.crashlytics.CrashlyticsRegistrar"
121-->[com.google.firebase:firebase-crashlytics:18.6.0] AndroidManifest.xml:19:17-115
122                android:value="com.google.firebase.components.ComponentRegistrar" />
122-->[com.google.firebase:firebase-crashlytics:18.6.0] AndroidManifest.xml:20:17-82
123            <meta-data
123-->[com.google.firebase:firebase-sessions:1.2.0] AndroidManifest.xml:29:13-31:85
124                android:name="com.google.firebase.components:com.google.firebase.sessions.FirebaseSessionsRegistrar"
124-->[com.google.firebase:firebase-sessions:1.2.0] AndroidManifest.xml:30:17-117
125                android:value="com.google.firebase.components.ComponentRegistrar" />
125-->[com.google.firebase:firebase-sessions:1.2.0] AndroidManifest.xml:31:17-82
126            <meta-data
126-->[com.google.firebase:firebase-ml-modeldownloader-ktx:24.2.1] AndroidManifest.xml:24:13-26:85
127                android:name="com.google.firebase.components:com.google.firebase.ml.modeldownloader.ktx.FirebaseMlModeldownloaderLegacyRegistrar"
127-->[com.google.firebase:firebase-ml-modeldownloader-ktx:24.2.1] AndroidManifest.xml:25:17-146
128                android:value="com.google.firebase.components.ComponentRegistrar" />
128-->[com.google.firebase:firebase-ml-modeldownloader-ktx:24.2.1] AndroidManifest.xml:26:17-82
129            <meta-data
129-->[com.google.firebase:firebase-ml-modeldownloader:24.2.1] AndroidManifest.xml:26:13-28:85
130                android:name="com.google.firebase.components:com.google.firebase.ml.modeldownloader.FirebaseMlModelDownloaderKtxRegistrar"
130-->[com.google.firebase:firebase-ml-modeldownloader:24.2.1] AndroidManifest.xml:27:17-139
131                android:value="com.google.firebase.components.ComponentRegistrar" />
131-->[com.google.firebase:firebase-ml-modeldownloader:24.2.1] AndroidManifest.xml:28:17-82
132            <meta-data
132-->[com.google.firebase:firebase-ml-modeldownloader:24.2.1] AndroidManifest.xml:29:13-31:85
133                android:name="com.google.firebase.components:com.google.firebase.ml.modeldownloader.FirebaseModelDownloaderRegistrar"
133-->[com.google.firebase:firebase-ml-modeldownloader:24.2.1] AndroidManifest.xml:30:17-134
134                android:value="com.google.firebase.components.ComponentRegistrar" />
134-->[com.google.firebase:firebase-ml-modeldownloader:24.2.1] AndroidManifest.xml:31:17-82
135            <meta-data
135-->[com.google.firebase:firebase-config:21.6.0] AndroidManifest.xml:29:13-31:85
136                android:name="com.google.firebase.components:com.google.firebase.remoteconfig.FirebaseRemoteConfigKtxRegistrar"
136-->[com.google.firebase:firebase-config:21.6.0] AndroidManifest.xml:30:17-128
137                android:value="com.google.firebase.components.ComponentRegistrar" />
137-->[com.google.firebase:firebase-config:21.6.0] AndroidManifest.xml:31:17-82
138            <meta-data
138-->[com.google.firebase:firebase-config:21.6.0] AndroidManifest.xml:32:13-34:85
139                android:name="com.google.firebase.components:com.google.firebase.remoteconfig.RemoteConfigRegistrar"
139-->[com.google.firebase:firebase-config:21.6.0] AndroidManifest.xml:33:17-117
140                android:value="com.google.firebase.components.ComponentRegistrar" />
140-->[com.google.firebase:firebase-config:21.6.0] AndroidManifest.xml:34:17-82
141            <meta-data
141-->[com.google.android.gms:play-services-measurement-api:21.5.0] AndroidManifest.xml:37:13-39:85
142                android:name="com.google.firebase.components:com.google.firebase.analytics.connector.internal.AnalyticsConnectorRegistrar"
142-->[com.google.android.gms:play-services-measurement-api:21.5.0] AndroidManifest.xml:38:17-139
143                android:value="com.google.firebase.components.ComponentRegistrar" />
143-->[com.google.android.gms:play-services-measurement-api:21.5.0] AndroidManifest.xml:39:17-82
144            <meta-data
144-->[com.google.firebase:firebase-installations:17.2.0] AndroidManifest.xml:15:13-17:85
145                android:name="com.google.firebase.components:com.google.firebase.installations.FirebaseInstallationsKtxRegistrar"
145-->[com.google.firebase:firebase-installations:17.2.0] AndroidManifest.xml:16:17-130
146                android:value="com.google.firebase.components.ComponentRegistrar" />
146-->[com.google.firebase:firebase-installations:17.2.0] AndroidManifest.xml:17:17-82
147            <meta-data
147-->[com.google.firebase:firebase-installations:17.2.0] AndroidManifest.xml:18:13-20:85
148                android:name="com.google.firebase.components:com.google.firebase.installations.FirebaseInstallationsRegistrar"
148-->[com.google.firebase:firebase-installations:17.2.0] AndroidManifest.xml:19:17-127
149                android:value="com.google.firebase.components.ComponentRegistrar" />
149-->[com.google.firebase:firebase-installations:17.2.0] AndroidManifest.xml:20:17-82
150            <meta-data
150-->[com.google.firebase:firebase-abt:21.1.1] AndroidManifest.xml:12:13-14:85
151                android:name="com.google.firebase.components:com.google.firebase.abt.component.AbtRegistrar"
151-->[com.google.firebase:firebase-abt:21.1.1] AndroidManifest.xml:13:17-109
152                android:value="com.google.firebase.components.ComponentRegistrar" />
152-->[com.google.firebase:firebase-abt:21.1.1] AndroidManifest.xml:14:17-82
153            <meta-data
153-->[com.google.firebase:firebase-common-ktx:20.4.2] AndroidManifest.xml:12:13-14:85
154                android:name="com.google.firebase.components:com.google.firebase.ktx.FirebaseCommonLegacyRegistrar"
154-->[com.google.firebase:firebase-common-ktx:20.4.2] AndroidManifest.xml:13:17-116
155                android:value="com.google.firebase.components.ComponentRegistrar" />
155-->[com.google.firebase:firebase-common-ktx:20.4.2] AndroidManifest.xml:14:17-82
156            <meta-data
156-->[com.google.firebase:firebase-datatransport:18.2.0] AndroidManifest.xml:25:13-27:85
157                android:name="com.google.firebase.components:com.google.firebase.datatransport.TransportRegistrar"
157-->[com.google.firebase:firebase-datatransport:18.2.0] AndroidManifest.xml:26:17-115
158                android:value="com.google.firebase.components.ComponentRegistrar" />
158-->[com.google.firebase:firebase-datatransport:18.2.0] AndroidManifest.xml:27:17-82
159        </service>
160
161        <activity
161-->[androidx.compose.ui:ui-tooling-android:1.8.2] AndroidManifest.xml:23:9-25:39
162            android:name="androidx.compose.ui.tooling.PreviewActivity"
162-->[androidx.compose.ui:ui-tooling-android:1.8.2] AndroidManifest.xml:24:13-71
163            android:exported="true" />
163-->[androidx.compose.ui:ui-tooling-android:1.8.2] AndroidManifest.xml:25:13-36
164
165        <receiver
165-->[com.google.firebase:firebase-messaging:23.4.0] AndroidManifest.xml:29:9-40:20
166            android:name="com.google.firebase.iid.FirebaseInstanceIdReceiver"
166-->[com.google.firebase:firebase-messaging:23.4.0] AndroidManifest.xml:30:13-78
167            android:exported="true"
167-->[com.google.firebase:firebase-messaging:23.4.0] AndroidManifest.xml:31:13-36
168            android:permission="com.google.android.c2dm.permission.SEND" >
168-->[com.google.firebase:firebase-messaging:23.4.0] AndroidManifest.xml:32:13-73
169            <intent-filter>
169-->[com.google.firebase:firebase-messaging:23.4.0] AndroidManifest.xml:33:13-35:29
170                <action android:name="com.google.android.c2dm.intent.RECEIVE" />
170-->[com.google.firebase:firebase-messaging:23.4.0] AndroidManifest.xml:34:17-81
170-->[com.google.firebase:firebase-messaging:23.4.0] AndroidManifest.xml:34:25-78
171            </intent-filter>
172
173            <meta-data
173-->[com.google.firebase:firebase-messaging:23.4.0] AndroidManifest.xml:37:13-39:40
174                android:name="com.google.android.gms.cloudmessaging.FINISHED_AFTER_HANDLED"
174-->[com.google.firebase:firebase-messaging:23.4.0] AndroidManifest.xml:38:17-92
175                android:value="true" />
175-->[com.google.firebase:firebase-messaging:23.4.0] AndroidManifest.xml:39:17-37
176        </receiver>
177        <!--
178             FirebaseMessagingService performs security checks at runtime,
179             but set to not exported to explicitly avoid allowing another app to call it.
180        -->
181        <service
181-->[com.google.firebase:firebase-messaging:23.4.0] AndroidManifest.xml:46:9-53:19
182            android:name="com.google.firebase.messaging.FirebaseMessagingService"
182-->[com.google.firebase:firebase-messaging:23.4.0] AndroidManifest.xml:47:13-82
183            android:directBootAware="true"
183-->[com.google.firebase:firebase-messaging:23.4.0] AndroidManifest.xml:48:13-43
184            android:exported="false" >
184-->[com.google.firebase:firebase-messaging:23.4.0] AndroidManifest.xml:49:13-37
185            <intent-filter android:priority="-500" >
185-->[com.google.firebase:firebase-messaging:23.4.0] AndroidManifest.xml:50:13-52:29
185-->[com.google.firebase:firebase-messaging:23.4.0] AndroidManifest.xml:50:28-51
186                <action android:name="com.google.firebase.MESSAGING_EVENT" />
186-->[com.google.firebase:firebase-messaging:23.4.0] AndroidManifest.xml:51:17-78
186-->[com.google.firebase:firebase-messaging:23.4.0] AndroidManifest.xml:51:25-75
187            </intent-filter>
188        </service>
189
190        <activity
190-->[com.google.android.gms:play-services-base:18.5.0] AndroidManifest.xml:5:9-173
191            android:name="com.google.android.gms.common.api.GoogleApiActivity"
191-->[com.google.android.gms:play-services-base:18.5.0] AndroidManifest.xml:5:19-85
192            android:exported="false"
192-->[com.google.android.gms:play-services-base:18.5.0] AndroidManifest.xml:5:146-170
193            android:theme="@android:style/Theme.Translucent.NoTitleBar" />
193-->[com.google.android.gms:play-services-base:18.5.0] AndroidManifest.xml:5:86-145
194
195        <service
195-->[androidx.room:room-runtime-android:2.7.1] AndroidManifest.xml:24:9-28:63
196            android:name="androidx.room.MultiInstanceInvalidationService"
196-->[androidx.room:room-runtime-android:2.7.1] AndroidManifest.xml:25:13-74
197            android:directBootAware="true"
197-->[androidx.room:room-runtime-android:2.7.1] AndroidManifest.xml:26:13-43
198            android:exported="false" />
198-->[androidx.room:room-runtime-android:2.7.1] AndroidManifest.xml:27:13-37
199
200        <provider
200-->[androidx.work:work-runtime:2.9.0] AndroidManifest.xml:29:9-37:20
201            android:name="androidx.startup.InitializationProvider"
201-->[androidx.work:work-runtime:2.9.0] AndroidManifest.xml:30:13-67
202            android:authorities="dev.aurakai.auraframefx.androidx-startup"
202-->[androidx.work:work-runtime:2.9.0] AndroidManifest.xml:31:13-68
203            android:exported="false" >
203-->[androidx.work:work-runtime:2.9.0] AndroidManifest.xml:32:13-37
204            <meta-data
204-->[androidx.work:work-runtime:2.9.0] AndroidManifest.xml:34:13-36:52
205                android:name="androidx.work.WorkManagerInitializer"
205-->[androidx.work:work-runtime:2.9.0] AndroidManifest.xml:35:17-68
206                android:value="androidx.startup" />
206-->[androidx.work:work-runtime:2.9.0] AndroidManifest.xml:36:17-49
207            <meta-data
207-->[androidx.emoji2:emoji2:1.4.0] AndroidManifest.xml:29:13-31:52
208                android:name="androidx.emoji2.text.EmojiCompatInitializer"
208-->[androidx.emoji2:emoji2:1.4.0] AndroidManifest.xml:30:17-75
209                android:value="androidx.startup" />
209-->[androidx.emoji2:emoji2:1.4.0] AndroidManifest.xml:31:17-49
210            <meta-data
210-->[androidx.lifecycle:lifecycle-process:2.8.7] AndroidManifest.xml:29:13-31:52
211                android:name="androidx.lifecycle.ProcessLifecycleInitializer"
211-->[androidx.lifecycle:lifecycle-process:2.8.7] AndroidManifest.xml:30:17-78
212                android:value="androidx.startup" />
212-->[androidx.lifecycle:lifecycle-process:2.8.7] AndroidManifest.xml:31:17-49
213            <meta-data
213-->[androidx.profileinstaller:profileinstaller:1.4.0] AndroidManifest.xml:29:13-31:52
214                android:name="androidx.profileinstaller.ProfileInstallerInitializer"
214-->[androidx.profileinstaller:profileinstaller:1.4.0] AndroidManifest.xml:30:17-85
215                android:value="androidx.startup" />
215-->[androidx.profileinstaller:profileinstaller:1.4.0] AndroidManifest.xml:31:17-49
216        </provider>
217
218        <service
218-->[androidx.work:work-runtime:2.9.0] AndroidManifest.xml:39:9-45:35
219            android:name="androidx.work.impl.background.systemalarm.SystemAlarmService"
219-->[androidx.work:work-runtime:2.9.0] AndroidManifest.xml:40:13-88
220            android:directBootAware="false"
220-->[androidx.work:work-runtime:2.9.0] AndroidManifest.xml:41:13-44
221            android:enabled="@bool/enable_system_alarm_service_default"
221-->[androidx.work:work-runtime:2.9.0] AndroidManifest.xml:42:13-72
222            android:exported="false" />
222-->[androidx.work:work-runtime:2.9.0] AndroidManifest.xml:43:13-37
223        <service
223-->[androidx.work:work-runtime:2.9.0] AndroidManifest.xml:46:9-52:35
224            android:name="androidx.work.impl.background.systemjob.SystemJobService"
224-->[androidx.work:work-runtime:2.9.0] AndroidManifest.xml:47:13-84
225            android:directBootAware="false"
225-->[androidx.work:work-runtime:2.9.0] AndroidManifest.xml:48:13-44
226            android:enabled="@bool/enable_system_job_service_default"
226-->[androidx.work:work-runtime:2.9.0] AndroidManifest.xml:49:13-70
227            android:exported="true"
227-->[androidx.work:work-runtime:2.9.0] AndroidManifest.xml:50:13-36
228            android:permission="android.permission.BIND_JOB_SERVICE" />
228-->[androidx.work:work-runtime:2.9.0] AndroidManifest.xml:51:13-69
229        <service
229-->[androidx.work:work-runtime:2.9.0] AndroidManifest.xml:53:9-59:35
230            android:name="androidx.work.impl.foreground.SystemForegroundService"
230-->[androidx.work:work-runtime:2.9.0] AndroidManifest.xml:54:13-81
231            android:directBootAware="false"
231-->[androidx.work:work-runtime:2.9.0] AndroidManifest.xml:55:13-44
232            android:enabled="@bool/enable_system_foreground_service_default"
232-->[androidx.work:work-runtime:2.9.0] AndroidManifest.xml:56:13-77
233            android:exported="false" />
233-->[androidx.work:work-runtime:2.9.0] AndroidManifest.xml:57:13-37
234
235        <receiver
235-->[androidx.work:work-runtime:2.9.0] AndroidManifest.xml:61:9-66:35
236            android:name="androidx.work.impl.utils.ForceStopRunnable$BroadcastReceiver"
236-->[androidx.work:work-runtime:2.9.0] AndroidManifest.xml:62:13-88
237            android:directBootAware="false"
237-->[androidx.work:work-runtime:2.9.0] AndroidManifest.xml:63:13-44
238            android:enabled="true"
238-->[androidx.work:work-runtime:2.9.0] AndroidManifest.xml:64:13-35
239            android:exported="false" />
239-->[androidx.work:work-runtime:2.9.0] AndroidManifest.xml:65:13-37
240        <receiver
240-->[androidx.work:work-runtime:2.9.0] AndroidManifest.xml:67:9-77:20
241            android:name="androidx.work.impl.background.systemalarm.ConstraintProxy$BatteryChargingProxy"